<?xml version="1.0" encoding="utf-8"?><testsuites name="pytest tests"><testsuite name="pytest" errors="0" failures="1" skipped="0" tests="1" time="0.022" timestamp="2026-09-23T00:00:00+00:00" hostname="fixture"><testcase classname="tests.test_call" name="test_call_fails" time="0.000"><failure message="assert 2 == 3&#10; +  where 2 = helper(1)">def test_call_fails():
&gt;       assert helper(1) == 3
E       assert 2 == 3
E        +  where 2 = helper(1)

tests/test_call.py:6: AssertionError</failure></testcase></testsuite></testsuites>
